# JRE version: Java(TM) SE Runtime Environment (18.0.1+10) (build 18.0.1+10-24)
# Java VM: Java HotSpot(TM) 64-Bit Server VM (18.0.1+10-24, mixed mode, sharing, tiered, compressed oops, compressed class ptrs, g1 gc, windows-amd64)
GC Precious Log:
 CardTable entry size: 512
 Card Set container configuration: InlinePtr #cards 5 size 8 Array Of Cards #cards 12 size 40 Howl #buckets 4 coarsen threshold 1843 Howl Bitmap #cards 512 size 80 coarsen threshold 460 Card regions per heap region 1 cards per card region 2048
 CPUs: 4 total, 4 available
 Memory: 3956M
 Large Page Support: Disabled
 NUMA Support: Disabled
 Compressed Oops: Enabled (32-bit)
 Heap Region Size: 1M
 Heap Min Capacity: 8M
 Heap Initial Capacity: 62M
 Heap Max Capacity: 990M
 Pre-touch: Disabled
 Parallel Workers: 4
 Concurrent Workers: 1
 Concurrent Refinement Workers: 4
 Periodic GC: Disabled
Heap:
 garbage-first heap   total 63488K, used 8462K [0x00000000c2200000, 0x0000000100000000)
  region size 1024K, 6 young (6144K), 2 survivors (2048K)
 Metaspace       used 16943K, committed 17280K, reserved 1114112K
  class space    used 1803K, committed 1984K, reserved 1048576K
GC Heap History (6 events):
Event: 3.873 GC heap before
{Heap before GC invocations=0 (full 0):
 garbage-first heap   total 63488K, used 13312K [0x00000000c2200000, 0x0000000100000000)
  region size 1024K, 13 young (13312K), 0 survivors (0K)
 Metaspace       used 4340K, committed 4416K, reserved 1114112K
  class space    used 361K, committed 384K, reserved 1048576K
}
Event: 3.888 GC heap after
{Heap after GC invocations=1 (full 0):
 garbage-first heap   total 63488K, used 2896K [0x00000000c2200000, 0x0000000100000000)
  region size 1024K, 2 young (2048K), 2 survivors (2048K)
 Metaspace       used 4340K, committed 4416K, reserved 1114112K
  class space    used 361K, committed 384K, reserved 1048576K
}
Event: 32.636 GC heap before
{Heap before GC invocations=1 (full 0):
 garbage-first heap   total 63488K, used 15184K [0x00000000c2200000, 0x0000000100000000)
  region size 1024K, 15 young (15360K), 2 survivors (2048K)
 Metaspace       used 9608K, committed 9792K, reserved 1114112K
  class space    used 997K, committed 1088K, reserved 1048576K
}
Event: 32.675 GC heap after
{Heap after GC invocations=2 (full 0):
 garbage-first heap   total 63488K, used 4790K [0x00000000c2200000, 0x0000000100000000)
  region size 1024K, 2 young (2048K), 2 survivors (2048K)
 Metaspace       used 9608K, committed 9792K, reserved 1114112K
  class space    used 997K, committed 1088K, reserved 1048576K
}
Event: 45.003 GC heap before
{Heap before GC invocations=2 (full 0):
 garbage-first heap   total 63488K, used 24246K [0x00000000c2200000, 0x0000000100000000)
  region size 1024K, 22 young (22528K), 2 survivors (2048K)
 Metaspace       used 16005K, committed 16256K, reserved 1114112K
  class space    used 1713K, committed 1856K, reserved 1048576K
}
Event: 45.023 GC heap after
{Heap after GC invocations=3 (full 0):
 garbage-first heap   total 63488K, used 6414K [0x00000000c2200000, 0x0000000100000000)
  region size 1024K, 2 young (2048K), 2 survivors (2048K)
 Metaspace       used 16005K, committed 16256K, reserved 1114112K
  class space    used 1713K, committed 1856K, reserved 1048576K
}

